<?xml version="1.0" encoding="UTF-8"?>
<testsuite name="com.range.fileupload.service.impl.FileServiceImplTest" tests="6" skipped="0" failures="0" errors="0" timestamp="2025-05-03T09:06:09.554Z" hostname="range" time="0.88">
  <properties/>
  <testcase name="upload()" classname="com.range.fileupload.service.impl.FileServiceImplTest" time="0.826"/>
  <testcase name="deleteAll()" classname="com.range.fileupload.service.impl.FileServiceImplTest" time="0.002"/>
  <testcase name="download()" classname="com.range.fileupload.service.impl.FileServiceImplTest" time="0.001"/>
  <testcase name="should find files when uploaded()" classname="com.range.fileupload.service.impl.FileServiceImplTest" time="0.024"/>
  <testcase name="find all files()" classname="com.range.fileupload.service.impl.FileServiceImplTest" time="0.019"/>
  <testcase name="deleteFile()" classname="com.range.fileupload.service.impl.FileServiceImplTest" time="0.002"/>
  <system-out><![CDATA[]]></system-out>
  <system-err><![CDATA[]]></system-err>
</testsuite>
